<?xml version="1.0" encoding="UTF-8"?>
<!-- Generated by org.testng.reporters.JUnitReportReporter -->
<testsuite skipped="0" hostname="DESKTOP-5R9C8DJ" name="test.Test_1" tests="1" failures="0" timestamp="2022-08-27T13:27:05 CDT" time="18.859" errors="0">
  <testcase name="landOnPage" time="18.859" classname="test.Test_1"/>
  <system-out/>
</testsuite> <!-- test.Test_1 -->
